<?xml version="1.0" encoding="UTF-8"?>
<!-- Generated by org.testng.reporters.JUnitReportReporter -->
<testsuite hostname="Sams-Mac.local" failures="0" tests="1" name="com.Amazon.TestCases.VerifyAmazonSearch" time="46.479" errors="0" timestamp="2021-10-08T14:14:20 IST" skipped="0">
  <testcase classname="com.Amazon.TestCases.VerifyAmazonSearch" name="verifyValidSearch" time="46.479"/>
  <system-out/>
</testsuite> <!-- com.Amazon.TestCases.VerifyAmazonSearch -->
