<?xml version="1.0" encoding="UTF-8"?>
<!-- Generated by org.testng.reporters.JUnitReportReporter -->
<testsuite hostname="Sams-Mac.local" failures="0" tests="1" name="com.Amazon.TestCases.VerifyAmazonSearchTest" time="61.698" errors="0" timestamp="2021-10-08T19:25:39 IST" skipped="0">
  <testcase classname="com.Amazon.TestCases.VerifyAmazonSearchTest" name="verifyValidSearchTest" time="61.698"/>
  <system-out/>
</testsuite> <!-- com.Amazon.TestCases.VerifyAmazonSearchTest -->
